#
# There is insufficient memory for the Java Runtime Environment to continue.
# Native memory allocation (mmap) failed to map 266338304 bytes for G1 virtual space
# Possible reasons:
#   The system is out of physical RAM or swap space
#   The process is running with CompressedOops enabled, and the Java Heap may be blocking the growth of the native heap
# Possible solutions:
#   Reduce memory load on the system
#   Increase physical memory or swap space
#   Check if swap backing store is full
#   Decrease Java heap size (-Xmx/-Xms)
#   Decrease number of Java threads
#   Decrease Java thread stack sizes (-Xss)
#   Set larger code cache with -XX:ReservedCodeCacheSize=
#   JVM is running with Zero Based Compressed Oops mode in which the Java heap is
#     placed in the first 32GB address space. The Java Heap base address is the
#     maximum limit for the native heap growth. Please use -XX:HeapBaseMinAddress
#     to set the Java Heap base and to place the Java Heap above 32GB virtual address.
# This output file may be truncated or incomplete.
#
#  Out of Memory Error (os_windows.cpp:3469), pid=11188, tid=13080
#
# JRE version:  (17.0+35) (build )
# Java VM: OpenJDK 64-Bit Server VM (17+35-2724, mixed mode, sharing, tiered, compressed oops, compressed class ptrs, g1 gc, windows-amd64)
# No core dump will be written. Minidumps are not enabled by default on client versions of Windows
#

---------------  S U M M A R Y ------------

Command Line: git4idea.http.GitAskPassApp Username for 'https://github.com': 

Host: Intel(R) Core(TM) i3-8100 CPU @ 3.60GHz, 4 cores, 15G,  Windows 10 , 64 bit Build 19041 (10.0.19041.4957)
Time: Mon Oct 21 09:14:29 2024 Hora oficial do Brasil elapsed time: 0.015794 seconds (0d 0h 0m 0s)

---------------  T H R E A D  ---------------

Current thread (0x0000026e8dc389e0):  JavaThread "Unknown thread" [_thread_in_vm, id=13080, stack(0x000000b219d00000,0x000000b219e00000)]

Stack: [0x000000b219d00000,0x000000b219e00000]
Native frames: (J=compiled Java code, j=interpreted, Vv=VM code, C=native code)
V  [jvm.dll+0x66f8ea]
V  [jvm.dll+0x7ce224]
V  [jvm.dll+0x7cf9ce]
V  [jvm.dll+0x7d0033]
V  [jvm.dll+0x242bb5]
V  [jvm.dll+0x66c909]
V  [jvm.dll+0x6613d2]
V  [jvm.dll+0x30082b]
V  [jvm.dll+0x307db6]
V  [jvm.dll+0x357a0e]
V  [jvm.dll+0x357c3f]
V  [jvm.dll+0x2d7ae8]
V  [jvm.dll+0x2d8a54]
V  [jvm.dll+0x7a00a1]
V  [jvm.dll+0x365781]
V  [jvm.dll+0x77f59c]
V  [jvm.dll+0x3e805f]
V  [jvm.dll+0x3e9b01]
C  [jli.dll+0x527b]
C  [ucrtbase.dll+0x21bb2]
C  [KERNEL32.DLL+0x17374]
C  [ntdll.dll+0x4cc91]


---------------  P R O C E S S  ---------------

Threads class SMR info:
_java_thread_list=0x00007ffb6ec67818, length=0, elements={
}

Java Threads: ( => current thread )

Other Threads:
  0x0000026e8dc875e0 GCTaskThread "GC Thread#0" [stack: 0x000000b219e00000,0x000000b219f00000] [id=10808]
  0x0000026e8dc98160 ConcurrentGCThread "G1 Main Marker" [stack: 0x000000b219f00000,0x000000b21a000000] [id=636]
  0x0000026e8dc99210 ConcurrentGCThread "G1 Conc#0" [stack: 0x000000b21a000000,0x000000b21a100000] [id=7500]

[error occurred during error reporting (printing all threads), id 0xc0000005, EXCEPTION_ACCESS_VIOLATION (0xc0000005) at pc=0x00007ffb6e4b84c7]

VM state: not at safepoint (not fully initialized)

VM Mutex/Monitor currently owned by a thread:  ([mutex/lock_event])
[0x0000026e8dc34490] Heap_lock - owner thread: 0x0000026e8dc389e0

Heap address: 0x0000000702c00000, size: 4052 MB, Compressed Oops mode: Zero based, Oop shift amount: 3

CDS archive(s) mapped at: [0x0000000000000000-0x0000000000000000-0x0000000000000000), size 0, SharedBaseAddress: 0x0000000800000000, ArchiveRelocationMode: 0.
Narrow klass base: 0x0000000000000000, Narrow klass shift: 0, Narrow klass range: 0x0

GC Precious Log:
<Empty>

Heap:
 garbage-first heap   total 0K, used 0K [0x0000000702c00000, 0x0000000800000000)
  region size 2048K, 0 young (0K), 0 survivors (0K)

[error occurred during error reporting (printing heap information), id 0xc0000005, EXCEPTION_ACCESS_VIOLATION (0xc0000005) at pc=0x00007ffb6e898c59]

GC Heap History (0 events):
No events

Deoptimization events (0 events):
No events

Classes unloaded (0 events):
No events

Classes redefined (0 events):
No events

Internal exceptions (0 events):
No events

VM Operations (0 events):
No events

Events (1 events):
Event: 0.009 Loaded shared library C:\Program Files\Java\jdk-17\bin\java.dll


Dynamic libraries:
0x00007ff69f840000 - 0x00007ff69f84e000 	C:\Program Files\Java\jdk-17\bin\java.exe
0x00007ffbac690000 - 0x00007ffbac888000 	C:\Windows\SYSTEM32\ntdll.dll
0x00007ffbab150000 - 0x00007ffbab212000 	C:\Windows\System32\KERNEL32.DLL
0x00007ffba9e90000 - 0x00007ffbaa18e000 	C:\Windows\System32\KERNELBASE.dll
0x00007ffbaa350000 - 0x00007ffbaa450000 	C:\Windows\System32\ucrtbase.dll
0x00007ffb8d6e0000 - 0x00007ffb8d6f8000 	C:\Program Files\Java\jdk-17\bin\jli.dll
0x00007ffba08f0000 - 0x00007ffba090a000 	C:\Program Files\Java\jdk-17\bin\VCRUNTIME140.dll
0x00007ffbaa9c0000 - 0x00007ffbaab5d000 	C:\Windows\System32\USER32.dll
0x00007ffb98ce0000 - 0x00007ffb98f7a000 	C:\Windows\WinSxS\amd64_microsoft.windows.common-controls_6595b64144ccf1df_6.0.19041.4355_none_60b8b9eb71f62e16\COMCTL32.dll
0x00007ffbaa2f0000 - 0x00007ffbaa312000 	C:\Windows\System32\win32u.dll
0x00007ffbac250000 - 0x00007ffbac2ee000 	C:\Windows\System32\msvcrt.dll
0x00007ffbaafe0000 - 0x00007ffbab00b000 	C:\Windows\System32\GDI32.dll
0x00007ffbaa590000 - 0x00007ffbaa6a7000 	C:\Windows\System32\gdi32full.dll
0x00007ffba9da0000 - 0x00007ffba9e3d000 	C:\Windows\System32\msvcp_win.dll
0x00007ffbab3e0000 - 0x00007ffbab40f000 	C:\Windows\System32\IMM32.DLL
0x00007ffba6fc0000 - 0x00007ffba6fcc000 	C:\Program Files\Java\jdk-17\bin\vcruntime140_1.dll
0x00007ffb89860000 - 0x00007ffb898ed000 	C:\Program Files\Java\jdk-17\bin\msvcp140.dll
0x00007ffb6e1d0000 - 0x00007ffb6ed8e000 	C:\Program Files\Java\jdk-17\bin\server\jvm.dll
0x00007ffbaa900000 - 0x00007ffbaa9b2000 	C:\Windows\System32\ADVAPI32.dll
0x00007ffbaa730000 - 0x00007ffbaa7d0000 	C:\Windows\System32\sechost.dll
0x00007ffbaada0000 - 0x00007ffbaaec3000 	C:\Windows\System32\RPCRT4.dll
0x00007ffbaa320000 - 0x00007ffbaa347000 	C:\Windows\System32\bcrypt.dll
0x00007ffbab2a0000 - 0x00007ffbab2a8000 	C:\Windows\System32\PSAPI.DLL
0x00007ffb95a30000 - 0x00007ffb95a39000 	C:\Windows\SYSTEM32\WSOCK32.dll
0x00007ffb96bc0000 - 0x00007ffb96be7000 	C:\Windows\SYSTEM32\WINMM.dll
0x00007ffbaab60000 - 0x00007ffbaabcb000 	C:\Windows\System32\WS2_32.dll
0x00007ffba3b80000 - 0x00007ffba3b8a000 	C:\Windows\SYSTEM32\VERSION.dll
0x00007ffba78a0000 - 0x00007ffba78b2000 	C:\Windows\SYSTEM32\kernel.appcore.dll
0x00007ffba27d0000 - 0x00007ffba27da000 	C:\Program Files\Java\jdk-17\bin\jimage.dll
0x00007ffba1030000 - 0x00007ffba1214000 	C:\Windows\SYSTEM32\DBGHELP.DLL
0x00007ffba0fb0000 - 0x00007ffba0fe4000 	C:\Windows\SYSTEM32\dbgcore.DLL
0x00007ffbaa450000 - 0x00007ffbaa4d2000 	C:\Windows\System32\bcryptPrimitives.dll
0x00007ffb93420000 - 0x00007ffb93445000 	C:\Program Files\Java\jdk-17\bin\java.dll

dbghelp: loaded successfully - version: 4.0.5 - missing functions: none
symbol engine: initialized successfully - sym options: 0x614 - pdb path: .;C:\Program Files\Java\jdk-17\bin;C:\Windows\SYSTEM32;C:\Windows\WinSxS\amd64_microsoft.windows.common-controls_6595b64144ccf1df_6.0.19041.4355_none_60b8b9eb71f62e16;C:\Program Files\Java\jdk-17\bin\server

VM Arguments:
java_command: git4idea.http.GitAskPassApp Username for 'https://github.com': 
java_class_path (initial): C:/Program Files/Android/Android Studio/plugins/vcs-git/lib/git4idea-rt.jar;C:/Program Files/Android/Android Studio/lib/externalProcess-rt.jar;C:/Program Files/Android/Android Studio/lib/app.jar;C:/Program Files/Android/Android Studio/lib/3rd-party-rt.jar
Launcher Type: SUN_STANDARD

[Global flags]
     intx CICompilerCount                          = 3                                         {product} {ergonomic}
     uint ConcGCThreads                            = 1                                         {product} {ergonomic}
     uint G1ConcRefinementThreads                  = 4                                         {product} {ergonomic}
   size_t G1HeapRegionSize                         = 2097152                                   {product} {ergonomic}
    uintx GCDrainStackTargetSize                   = 64                                        {product} {ergonomic}
   size_t InitialHeapSize                          = 266338304                                 {product} {ergonomic}
   size_t MarkStackSize                            = 4194304                                   {product} {ergonomic}
   size_t MaxHeapSize                              = 4248829952                                {product} {ergonomic}
   size_t MinHeapDeltaBytes                        = 2097152                                   {product} {ergonomic}
   size_t MinHeapSize                              = 8388608                                   {product} {ergonomic}
    uintx NonNMethodCodeHeapSize                   = 5832780                                {pd product} {ergonomic}
    uintx NonProfiledCodeHeapSize                  = 122912730                              {pd product} {ergonomic}
    uintx ProfiledCodeHeapSize                     = 122912730                              {pd product} {ergonomic}
    uintx ReservedCodeCacheSize                    = 251658240                              {pd product} {ergonomic}
     bool SegmentedCodeCache                       = true                                      {product} {ergonomic}
   size_t SoftMaxHeapSize                          = 4248829952                             {manageable} {ergonomic}
     bool UseCompressedClassPointers               = true                           {product lp64_product} {ergonomic}
     bool UseCompressedOops                        = true                           {product lp64_product} {ergonomic}
     bool UseG1GC                                  = true                                      {product} {ergonomic}
     bool UseLargePagesIndividualAllocation        = false                                  {pd product} {ergonomic}

Logging:
Log output configuration:
 #0: stdout all=warning uptime,level,tags
 #1: stderr all=off uptime,level,tags

Environment Variables:
JAVA_HOME=C:\Program Files\Java\jdk-17\
PATH=C:\Program Files\Git\mingw64\libexec\git-core;C:\Program Files\Git\mingw64\libexec\git-core;C:\Program Files\Git\mingw64\bin;C:\Program Files\Git\usr\bin;Z:\bin;C:\Program Files\Java\jdk-17\bin;C:\Program Files\Eclipse Adoptium\jdk-17.0.8.101-hotspot\bin;C:\Program Files\Python310\Scripts;C:\Program Files\Python310;C:\Program Files\Common Files\Oracle\Java\javapath;C:\Program Files (x86)\Common Files\Oracle\Java\javapath;C:\Windows\system32;C:\Windows;C:\Windows\System32\Wbem;C:\Windows\System32\WindowsPowerShell\v1.0;C:\Windows\System32\OpenSSH;D:\src\flutter\bin;C:\ProgramData\UNIVALI\Portugol Studio;C:\Program Files\Microsoft SQL Server\Client SDK\ODBC\130\Tools\Binn;C:\Program Files\Azure Data Studio\bin;C:\Program Files\Microsoft SQL Server\Client SDK\ODBC\170\Tools\Binn;C:\Program Files (x86)\Microsoft SQL Server\130\Tools\Binn;C:\Program Files\Microsoft SQL Server\130\Tools\Binn;C:\Program Files\Microsoft SQL Server\130\DTS\Binn;C:\Program Files (x86)\Microsoft SQL Server\150\DTS\Binn;C:\Program Files\MongoDB\Server\6.0\bin;C:\Program Files\Git\cmd;C:\Program Files\Git\usr\bin;C:\Program Files\Docker\Docker\resources\bin;C:\Program Files\nodejs;C:\Program Files\Microsoft VS Code\bin;C:\Users\rm86299\AppData\Local\Microsoft\WindowsApps
USERNAME=rm86299
DISPLAY=:0.0
LC_ALL=en_US.UTF-8
OS=Windows_NT
PROCESSOR_IDENTIFIER=Intel64 Family 6 Model 158 Stepping 11, GenuineIntel



---------------  S Y S T E M  ---------------

OS:
 Windows 10 , 64 bit Build 19041 (10.0.19041.4957)
OS uptime: 0 days 2:31 hours
Hyper-V role detected

CPU: total 4 (initial active 4) (4 cores per cpu, 1 threads per core) family 6 model 158 stepping 11 microcode 0xec, cx8, cmov, fxsr, mmx, 3dnowpref, sse, sse2, sse3, ssse3, sse4.1, sse4.2, popcnt, lzcnt, tsc, tscinvbit, avx, avx2, aes, erms, clmul, bmi1, bmi2, adx, fma, vzeroupper, clflush, clflushopt, hv

Memory: 4k page, system-wide physical 16207M (1583M free)
TotalPageFile size 32207M (AvailPageFile size 191M)
current process WorkingSet (physical memory assigned to process): 10M, peak: 10M
current process commit charge ("private bytes"): 52M, peak: 306M

vm_info: OpenJDK 64-Bit Server VM (17+35-2724) for windows-amd64 JRE (17+35-2724), built on Aug  5 2021 23:26:02 by "mach5one" with MS VC++ 16.8 (VS2019)

END.
